<?xml version="1.0" encoding="UTF-8"?>
<coverage generated="1399687605">
  <project timestamp="1399687605">
    <package name="LammRedis">
      <file name="/home/kirihara/Projects/PHP/Zend2/sesiones/demoRedis/src/module/LammRedis/Module.php">
        <class name="Module" namespace="LammRedis">
          <metrics methods="2" coveredmethods="0" conditionals="0" coveredconditionals="0" statements="3" coveredstatements="0" elements="5" coveredelements="0"/>
        </class>
        <line num="6" type="method" name="getConfig" crap="2" count="0"/>
        <line num="8" type="stmt" count="0"/>
        <line num="11" type="method" name="getAutoloaderConfig" crap="2" count="0"/>
        <line num="15" type="stmt" count="0"/>
        <line num="17" type="stmt" count="0"/>
        <metrics loc="19" ncloc="19" classes="1" methods="2" coveredmethods="0" conditionals="0" coveredconditionals="0" statements="3" coveredstatements="0" elements="5" coveredelements="0"/>
      </file>
      <file name="/home/kirihara/Projects/PHP/Zend2/sesiones/demoRedis/src/module/LammRedis/src/LammRedis/PredisClient.php">
        <class name="PredisClient" namespace="LammRedis">
          <metrics methods="1" coveredmethods="1" conditionals="0" coveredconditionals="0" statements="2" coveredstatements="2" elements="3" coveredelements="3"/>
        </class>
        <line num="10" type="method" name="__construct" crap="1" count="3"/>
        <line num="12" type="stmt" count="3"/>
        <line num="14" type="stmt" count="3"/>
        <metrics loc="17" ncloc="17" classes="1" methods="1" coveredmethods="1" conditionals="0" coveredconditionals="0" statements="2" coveredstatements="2" elements="3" coveredelements="3"/>
      </file>
    </package>
    <package name="LammRedis\Factory\Service">
      <file name="/home/kirihara/Projects/PHP/Zend2/sesiones/demoRedis/src/module/LammRedis/src/LammRedis/Factory/Service/PredisServiceFactory.php">
        <class name="PredisServiceFactory" namespace="LammRedis\Factory\Service">
          <metrics methods="1" coveredmethods="1" conditionals="0" coveredconditionals="0" statements="2" coveredstatements="2" elements="3" coveredelements="3"/>
        </class>
        <line num="12" type="method" name="createService" crap="1" count="2"/>
        <line num="14" type="stmt" count="2"/>
        <line num="16" type="stmt" count="2"/>
        <metrics loc="19" ncloc="19" classes="1" methods="1" coveredmethods="1" conditionals="0" coveredconditionals="0" statements="2" coveredstatements="2" elements="3" coveredelements="3"/>
      </file>
    </package>
    <package name="LammRedis\Tests">
      <file name="/home/kirihara/Projects/PHP/Zend2/sesiones/demoRedis/src/module/LammRedis/test/Bootstrap.php">
        <class name="Bootstrap" namespace="LammRedis\Tests">
          <metrics methods="4" coveredmethods="1" conditionals="0" coveredconditionals="0" statements="50" coveredstatements="1" elements="54" coveredelements="2"/>
        </class>
        <line num="20" type="method" name="init" crap="56" count="0"/>
        <line num="22" type="stmt" count="0"/>
        <line num="23" type="stmt" count="0"/>
        <line num="24" type="stmt" count="0"/>
        <line num="25" type="stmt" count="0"/>
        <line num="27" type="stmt" count="0"/>
        <line num="29" type="stmt" count="0"/>
        <line num="30" type="stmt" count="0"/>
        <line num="31" type="stmt" count="0"/>
        <line num="32" type="stmt" count="0"/>
        <line num="33" type="stmt" count="0"/>
        <line num="34" type="stmt" count="0"/>
        <line num="35" type="stmt" count="0"/>
        <line num="36" type="stmt" count="0"/>
        <line num="38" type="stmt" count="0"/>
        <line num="39" type="stmt" count="0"/>
        <line num="41" type="stmt" count="0"/>
        <line num="46" type="stmt" count="0"/>
        <line num="47" type="stmt" count="0"/>
        <line num="48" type="stmt" count="0"/>
        <line num="50" type="stmt" count="0"/>
        <line num="52" type="stmt" count="0"/>
        <line num="53" type="stmt" count="0"/>
        <line num="54" type="stmt" count="0"/>
        <line num="56" type="stmt" count="0"/>
        <line num="57" type="stmt" count="0"/>
        <line num="60" type="stmt" count="0"/>
        <line num="62" type="method" name="getServiceManager" crap="1" count="6"/>
        <line num="64" type="stmt" count="6"/>
        <line num="67" type="method" name="initAutoloader" crap="42" count="0"/>
        <line num="69" type="stmt" count="0"/>
        <line num="71" type="stmt" count="0"/>
        <line num="72" type="stmt" count="0"/>
        <line num="73" type="stmt" count="0"/>
        <line num="74" type="stmt" count="0"/>
        <line num="76" type="stmt" count="0"/>
        <line num="77" type="stmt" count="0"/>
        <line num="80" type="stmt" count="0"/>
        <line num="84" type="stmt" count="0"/>
        <line num="86" type="stmt" count="0"/>
        <line num="88" type="stmt" count="0"/>
        <line num="89" type="stmt" count="0"/>
        <line num="90" type="stmt" count="0"/>
        <line num="91" type="stmt" count="0"/>
        <line num="92" type="stmt" count="0"/>
        <line num="94" type="method" name="findParentPath" crap="12" count="0"/>
        <line num="96" type="stmt" count="0"/>
        <line num="97" type="stmt" count="0"/>
        <line num="98" type="stmt" count="0"/>
        <line num="99" type="stmt" count="0"/>
        <line num="100" type="stmt" count="0"/>
        <line num="101" type="stmt" count="0"/>
        <line num="102" type="stmt" count="0"/>
        <line num="104" type="stmt" count="0"/>
        <metrics loc="108" ncloc="106" classes="1" methods="4" coveredmethods="1" conditionals="0" coveredconditionals="0" statements="50" coveredstatements="1" elements="54" coveredelements="2"/>
      </file>
    </package>
    <package name="Predis">
      <file name="/home/kirihara/Projects/PHP/Zend2/sesiones/demoRedis/src/vendor/predis/predis/lib/Predis/Client.php">
        <class name="Client" namespace="Predis">
          <metrics methods="28" coveredmethods="1" conditionals="0" coveredconditionals="0" statements="102" coveredstatements="12" elements="130" coveredelements="13"/>
        </class>
        <line num="45" type="method" name="__construct" crap="1" count="3"/>
        <line num="47" type="stmt" count="3"/>
        <line num="48" type="stmt" count="3"/>
        <line num="49" type="stmt" count="3"/>
        <line num="50" type="stmt" count="3"/>
        <line num="60" type="method" name="filterOptions" crap="9.83" count="3"/>
        <line num="62" type="stmt" count="3"/>
        <line num="63" type="stmt" count="3"/>
        <line num="66" type="stmt" count="0"/>
        <line num="67" type="stmt" count="0"/>
        <line num="70" type="stmt" count="0"/>
        <line num="71" type="stmt" count="0"/>
        <line num="74" type="stmt" count="0"/>
        <line num="85" type="method" name="initializeConnection" crap="25.00" count="3"/>
        <line num="87" type="stmt" count="3"/>
        <line num="88" type="stmt" count="0"/>
        <line num="91" type="stmt" count="3"/>
        <line num="92" type="stmt" count="0"/>
        <line num="93" type="stmt" count="0"/>
        <line num="94" type="stmt" count="0"/>
        <line num="96" type="stmt" count="0"/>
        <line num="99" type="stmt" count="3"/>
        <line num="100" type="stmt" count="0"/>
        <line num="102" type="stmt" count="3"/>
        <line num="103" type="stmt" count="0"/>
        <line num="105" type="stmt" count="0"/>
        <line num="108" type="stmt" count="0"/>
        <line num="111" type="stmt" count="3"/>
        <line num="117" type="method" name="getProfile" crap="2" count="0"/>
        <line num="119" type="stmt" count="0"/>
        <line num="125" type="method" name="getOptions" crap="2" count="0"/>
        <line num="127" type="stmt" count="0"/>
        <line num="135" type="method" name="getConnectionFactory" crap="2" count="0"/>
        <line num="137" type="stmt" count="0"/>
        <line num="148" type="method" name="getClientFor" crap="3.69" count="3"/>
        <line num="150" type="stmt" count="0"/>
        <line num="151" type="stmt" count="0"/>
        <line num="154" type="stmt" count="0"/>
        <line num="155" type="stmt" count="3"/>
        <line num="160" type="method" name="connect" crap="2" count="0"/>
        <line num="162" type="stmt" count="0"/>
        <line num="163" type="stmt" count="0"/>
        <line num="168" type="method" name="disconnect" crap="2" count="0"/>
        <line num="170" type="stmt" count="0"/>
        <line num="171" type="stmt" count="0"/>
        <line num="178" type="method" name="quit" crap="2" count="0"/>
        <line num="180" type="stmt" count="0"/>
        <line num="181" type="stmt" count="0"/>
        <line num="189" type="method" name="isConnected" crap="2" count="0"/>
        <line num="191" type="stmt" count="0"/>
        <line num="197" type="method" name="getConnection" crap="2" count="0"/>
        <line num="199" type="stmt" count="0"/>
        <line num="208" type="method" name="getConnectionById" crap="6" count="0"/>
        <line num="210" type="stmt" count="0"/>
        <line num="211" type="stmt" count="0"/>
        <line num="214" type="stmt" count="0"/>
        <line num="225" type="method" name="__call" crap="2" count="0"/>
        <line num="227" type="stmt" count="0"/>
        <line num="228" type="stmt" count="0"/>
        <line num="230" type="stmt" count="0"/>
        <line num="236" type="method" name="createCommand" crap="2" count="0"/>
        <line num="238" type="stmt" count="0"/>
        <line num="244" type="method" name="executeCommand" crap="12" count="0"/>
        <line num="246" type="stmt" count="0"/>
        <line num="248" type="stmt" count="0"/>
        <line num="249" type="stmt" count="0"/>
        <line num="250" type="stmt" count="0"/>
        <line num="251" type="stmt" count="0"/>
        <line num="253" type="stmt" count="0"/>
        <line num="256" type="stmt" count="0"/>
        <line num="266" type="method" name="onResponseError" crap="30" count="0"/>
        <line num="268" type="stmt" count="0"/>
        <line num="269" type="stmt" count="0"/>
        <line num="270" type="stmt" count="0"/>
        <line num="272" type="stmt" count="0"/>
        <line num="274" type="stmt" count="0"/>
        <line num="275" type="stmt" count="0"/>
        <line num="276" type="stmt" count="0"/>
        <line num="278" type="stmt" count="0"/>
        <line num="281" type="stmt" count="0"/>
        <line num="282" type="stmt" count="0"/>
        <line num="285" type="stmt" count="0"/>
        <line num="297" type="method" name="sharedInitializer" crap="30" count="0"/>
        <line num="299" type="stmt" count="0"/>
        <line num="300" type="stmt" count="0"/>
        <line num="301" type="stmt" count="0"/>
        <line num="303" type="stmt" count="0"/>
        <line num="304" type="stmt" count="0"/>
        <line num="306" type="stmt" count="0"/>
        <line num="308" type="stmt" count="0"/>
        <line num="309" type="stmt" count="0"/>
        <line num="311" type="stmt" count="0"/>
        <line num="313" type="stmt" count="0"/>
        <line num="314" type="stmt" count="0"/>
        <line num="315" type="stmt" count="0"/>
        <line num="325" type="method" name="pipeline" crap="2" count="0"/>
        <line num="327" type="stmt" count="0"/>
        <line num="337" type="method" name="initPipeline" crap="12" count="0"/>
        <line num="339" type="stmt" count="0"/>
        <line num="341" type="stmt" count="0"/>
        <line num="342" type="stmt" count="0"/>
        <line num="343" type="stmt" count="0"/>
        <line num="345" type="stmt" count="0"/>
        <line num="346" type="stmt" count="0"/>
        <line num="348" type="stmt" count="0"/>
        <line num="358" type="method" name="pipelineExecute" crap="6" count="0"/>
        <line num="360" type="stmt" count="0"/>
        <line num="374" type="method" name="multiExec" crap="2" count="0"/>
        <line num="376" type="stmt" count="0"/>
        <line num="386" type="method" name="transaction" crap="2" count="0"/>
        <line num="388" type="stmt" count="0"/>
        <line num="398" type="method" name="initMultiExec" crap="12" count="0"/>
        <line num="400" type="stmt" count="0"/>
        <line num="402" type="stmt" count="0"/>
        <line num="417" type="method" name="pubSub" crap="2" count="0"/>
        <line num="419" type="stmt" count="0"/>
        <line num="429" type="method" name="pubSubLoop" crap="2" count="0"/>
        <line num="431" type="stmt" count="0"/>
        <line num="441" type="method" name="initPubSub" crap="20" count="0"/>
        <line num="443" type="stmt" count="0"/>
        <line num="445" type="stmt" count="0"/>
        <line num="446" type="stmt" count="0"/>
        <line num="449" type="stmt" count="0"/>
        <line num="450" type="stmt" count="0"/>
        <line num="451" type="stmt" count="0"/>
        <line num="452" type="stmt" count="0"/>
        <line num="453" type="stmt" count="0"/>
        <line num="454" type="stmt" count="0"/>
        <line num="461" type="method" name="monitor" crap="2" count="0"/>
        <line num="463" type="stmt" count="0"/>
        <metrics loc="465" ncloc="273" classes="1" methods="28" coveredmethods="1" conditionals="0" coveredconditionals="0" statements="102" coveredstatements="12" elements="130" coveredelements="13"/>
      </file>
    </package>
    <package name="Predis\Connection">
      <file name="/home/kirihara/Projects/PHP/Zend2/sesiones/demoRedis/src/vendor/predis/predis/lib/Predis/Connection/AbstractConnection.php">
        <class name="AbstractConnection" namespace="Predis\Connection">
          <metrics methods="17" coveredmethods="3" conditionals="0" coveredconditionals="0" statements="48" coveredstatements="8" elements="65" coveredelements="11"/>
        </class>
        <line num="36" type="method" name="__construct" crap="1" count="3"/>
        <line num="38" type="stmt" count="3"/>
        <line num="39" type="stmt" count="3"/>
        <line num="45" type="method" name="__destruct" crap="2" count="0"/>
        <line num="47" type="stmt" count="0"/>
        <line num="48" type="stmt" count="0"/>
        <line num="56" type="method" name="checkParameters" crap="6.74" count="3"/>
        <line num="58" type="stmt" count="3"/>
        <line num="59" type="stmt" count="3"/>
        <line num="60" type="stmt" count="0"/>
        <line num="61" type="stmt" count="0"/>
        <line num="64" type="stmt" count="3"/>
        <line num="65" type="stmt" count="3"/>
        <line num="67" type="stmt" count="0"/>
        <line num="68" type="stmt" count="0"/>
        <line num="69" type="stmt" count="0"/>
        <line num="82" type="method" name="isConnected" crap="1" count="1"/>
        <line num="84" type="stmt" count="1"/>
        <line num="90" type="method" name="connect" crap="6" count="0"/>
        <line num="92" type="stmt" count="0"/>
        <line num="93" type="stmt" count="0"/>
        <line num="96" type="stmt" count="0"/>
        <line num="97" type="stmt" count="0"/>
        <line num="102" type="method" name="disconnect" crap="2" count="0"/>
        <line num="104" type="stmt" count="0"/>
        <line num="105" type="stmt" count="0"/>
        <line num="110" type="method" name="pushInitCommand" crap="2" count="0"/>
        <line num="112" type="stmt" count="0"/>
        <line num="113" type="stmt" count="0"/>
        <line num="118" type="method" name="executeCommand" crap="2" count="0"/>
        <line num="120" type="stmt" count="0"/>
        <line num="122" type="stmt" count="0"/>
        <line num="128" type="method" name="readResponse" crap="2" count="0"/>
        <line num="130" type="stmt" count="0"/>
        <line num="139" type="method" name="onConnectionError" crap="2" count="0"/>
        <line num="141" type="stmt" count="0"/>
        <line num="142" type="stmt" count="0"/>
        <line num="149" type="method" name="onProtocolError" crap="2" count="0"/>
        <line num="151" type="stmt" count="0"/>
        <line num="152" type="stmt" count="0"/>
        <line num="160" type="method" name="onInvalidOption" crap="6" count="0"/>
        <line num="162" type="stmt" count="0"/>
        <line num="163" type="stmt" count="0"/>
        <line num="165" type="stmt" count="0"/>
        <line num="166" type="stmt" count="0"/>
        <line num="167" type="stmt" count="0"/>
        <line num="169" type="stmt" count="0"/>
        <line num="175" type="method" name="getResource" crap="6" count="0"/>
        <line num="177" type="stmt" count="0"/>
        <line num="178" type="stmt" count="0"/>
        <line num="181" type="stmt" count="0"/>
        <line num="183" type="stmt" count="0"/>
        <line num="189" type="method" name="getParameters" crap="1" count="3"/>
        <line num="191" type="stmt" count="3"/>
        <line num="199" type="method" name="getIdentifier" crap="6" count="0"/>
        <line num="201" type="stmt" count="0"/>
        <line num="202" type="stmt" count="0"/>
        <line num="205" type="stmt" count="0"/>
        <line num="211" type="method" name="__toString" crap="6" count="0"/>
        <line num="213" type="stmt" count="0"/>
        <line num="214" type="stmt" count="0"/>
        <line num="215" type="stmt" count="0"/>
        <line num="217" type="stmt" count="0"/>
        <line num="223" type="method" name="__sleep" crap="2" count="0"/>
        <line num="225" type="stmt" count="0"/>
        <metrics loc="227" ncloc="144" classes="1" methods="17" coveredmethods="3" conditionals="0" coveredconditionals="0" statements="48" coveredstatements="8" elements="65" coveredelements="11"/>
      </file>
      <file name="/home/kirihara/Projects/PHP/Zend2/sesiones/demoRedis/src/vendor/predis/predis/lib/Predis/Connection/ConnectionFactory.php">
        <class name="ConnectionFactory" namespace="Predis\Connection">
          <metrics methods="10" coveredmethods="2" conditionals="0" coveredconditionals="0" statements="54" coveredstatements="26" elements="64" coveredelements="28"/>
        </class>
        <line num="32" type="method" name="__construct" crap="1" count="3"/>
        <line num="34" type="stmt" count="3"/>
        <line num="35" type="stmt" count="3"/>
        <line num="36" type="stmt" count="3"/>
        <line num="43" type="method" name="getDefaultSchemes" crap="1" count="3"/>
        <line num="45" type="stmt" count="3"/>
        <line num="46" type="stmt" count="3"/>
        <line num="47" type="stmt" count="3"/>
        <line num="48" type="stmt" count="3"/>
        <line num="49" type="stmt" count="3"/>
        <line num="60" type="method" name="checkInitializer" crap="12" count="0"/>
        <line num="62" type="stmt" count="0"/>
        <line num="63" type="stmt" count="0"/>
        <line num="66" type="stmt" count="0"/>
        <line num="68" type="stmt" count="0"/>
        <line num="69" type="stmt" count="0"/>
        <line num="71" type="stmt" count="0"/>
        <line num="74" type="stmt" count="0"/>
        <line num="80" type="method" name="define" crap="2" count="0"/>
        <line num="82" type="stmt" count="0"/>
        <line num="83" type="stmt" count="0"/>
        <line num="88" type="method" name="undefine" crap="2" count="0"/>
        <line num="90" type="stmt" count="0"/>
        <line num="91" type="stmt" count="0"/>
        <line num="96" type="method" name="create" crap="7.10" count="3"/>
        <line num="98" type="stmt" count="3"/>
        <line num="99" type="stmt" count="3"/>
        <line num="100" type="stmt" count="3"/>
        <line num="102" type="stmt" count="3"/>
        <line num="104" type="stmt" count="3"/>
        <line num="105" type="stmt" count="0"/>
        <line num="108" type="stmt" count="3"/>
        <line num="110" type="stmt" count="3"/>
        <line num="111" type="stmt" count="0"/>
        <line num="112" type="stmt" count="0"/>
        <line num="113" type="stmt" count="3"/>
        <line num="114" type="stmt" count="3"/>
        <line num="117" type="stmt" count="3"/>
        <line num="118" type="stmt" count="0"/>
        <line num="121" type="stmt" count="0"/>
        <line num="124" type="stmt" count="3"/>
        <line num="130" type="method" name="createAggregated" crap="12" count="0"/>
        <line num="132" type="stmt" count="0"/>
        <line num="133" type="stmt" count="0"/>
        <line num="134" type="stmt" count="0"/>
        <line num="136" type="stmt" count="0"/>
        <line num="144" type="method" name="prepareConnection" crap="5.16" count="3"/>
        <line num="146" type="stmt" count="3"/>
        <line num="147" type="stmt" count="3"/>
        <line num="149" type="stmt" count="3"/>
        <line num="150" type="stmt" count="0"/>
        <line num="151" type="stmt" count="0"/>
        <line num="152" type="stmt" count="0"/>
        <line num="154" type="stmt" count="3"/>
        <line num="155" type="stmt" count="3"/>
        <line num="156" type="stmt" count="0"/>
        <line num="157" type="stmt" count="0"/>
        <line num="158" type="stmt" count="3"/>
        <line num="159" type="stmt" count="3"/>
        <line num="166" type="method" name="setProfile" crap="2" count="0"/>
        <line num="168" type="stmt" count="0"/>
        <line num="169" type="stmt" count="0"/>
        <line num="176" type="method" name="getProfile" crap="2" count="0"/>
        <line num="178" type="stmt" count="0"/>
        <metrics loc="180" ncloc="121" classes="1" methods="10" coveredmethods="2" conditionals="0" coveredconditionals="0" statements="54" coveredstatements="26" elements="64" coveredelements="28"/>
      </file>
      <file name="/home/kirihara/Projects/PHP/Zend2/sesiones/demoRedis/src/vendor/predis/predis/lib/Predis/Connection/ConnectionParameters.php">
        <class name="ConnectionParameters" namespace="Predis\Connection">
          <metrics methods="12" coveredmethods="6" conditionals="0" coveredconditionals="0" statements="40" coveredstatements="23" elements="52" coveredelements="29"/>
        </class>
        <line num="35" type="method" name="__construct" crap="2.26" count="3"/>
        <line num="37" type="stmt" count="3"/>
        <line num="38" type="stmt" count="0"/>
        <line num="39" type="stmt" count="0"/>
        <line num="41" type="stmt" count="3"/>
        <line num="42" type="stmt" count="3"/>
        <line num="49" type="method" name="getDefaults" crap="1" count="3"/>
        <line num="51" type="stmt" count="3"/>
        <line num="59" type="method" name="getValueCasters" crap="1" count="3"/>
        <line num="62" type="stmt" count="3"/>
        <line num="63" type="stmt" count="3"/>
        <line num="64" type="stmt" count="3"/>
        <line num="65" type="stmt" count="3"/>
        <line num="66" type="stmt" count="3"/>
        <line num="67" type="stmt" count="3"/>
        <line num="68" type="stmt" count="3"/>
        <line num="77" type="method" name="castBoolean" crap="2" count="0"/>
        <line num="79" type="stmt" count="0"/>
        <line num="88" type="method" name="castFloat" crap="2" count="0"/>
        <line num="90" type="stmt" count="0"/>
        <line num="99" type="method" name="castInteger" crap="1" count="3"/>
        <line num="101" type="stmt" count="3"/>
        <line num="110" type="method" name="parseURI" crap="30" count="0"/>
        <line num="112" type="stmt" count="0"/>
        <line num="114" type="stmt" count="0"/>
        <line num="115" type="stmt" count="0"/>
        <line num="117" type="stmt" count="0"/>
        <line num="118" type="stmt" count="0"/>
        <line num="121" type="stmt" count="0"/>
        <line num="122" type="stmt" count="0"/>
        <line num="123" type="stmt" count="0"/>
        <line num="125" type="stmt" count="0"/>
        <line num="126" type="stmt" count="0"/>
        <line num="128" type="stmt" count="0"/>
        <line num="137" type="method" name="filter" crap="3" count="3"/>
        <line num="139" type="stmt" count="3"/>
        <line num="140" type="stmt" count="3"/>
        <line num="142" type="stmt" count="3"/>
        <line num="143" type="stmt" count="3"/>
        <line num="144" type="stmt" count="3"/>
        <line num="145" type="stmt" count="3"/>
        <line num="147" type="stmt" count="3"/>
        <line num="153" type="method" name="__get" crap="2" count="3"/>
        <line num="155" type="stmt" count="3"/>
        <line num="156" type="stmt" count="3"/>
        <line num="158" type="stmt" count="3"/>
        <line num="163" type="method" name="__isset" crap="1" count="3"/>
        <line num="165" type="stmt" count="3"/>
        <line num="171" type="method" name="toArray" crap="2" count="0"/>
        <line num="173" type="stmt" count="0"/>
        <line num="179" type="method" name="__sleep" crap="2" count="0"/>
        <line num="181" type="stmt" count="0"/>
        <metrics loc="183" ncloc="113" classes="1" methods="12" coveredmethods="6" conditionals="0" coveredconditionals="0" statements="40" coveredstatements="23" elements="52" coveredelements="29"/>
      </file>
      <file name="/home/kirihara/Projects/PHP/Zend2/sesiones/demoRedis/src/vendor/predis/predis/lib/Predis/Connection/StreamConnection.php">
        <class name="StreamConnection" namespace="Predis\Connection">
          <metrics methods="12" coveredmethods="2" conditionals="0" coveredconditionals="0" statements="134" coveredstatements="9" elements="146" coveredelements="11"/>
        </class>
        <line num="43" type="method" name="__construct" crap="1" count="3"/>
        <line num="45" type="stmt" count="3"/>
        <line num="47" type="stmt" count="3"/>
        <line num="48" type="stmt" count="3"/>
        <line num="55" type="method" name="__destruct" crap="3" count="1"/>
        <line num="57" type="stmt" count="1"/>
        <line num="58" type="stmt" count="1"/>
        <line num="59" type="stmt" count="1"/>
        <line num="60" type="stmt" count="1"/>
        <line num="65" type="method" name="createResource" crap="2" count="0"/>
        <line num="67" type="stmt" count="0"/>
        <line num="68" type="stmt" count="0"/>
        <line num="70" type="stmt" count="0"/>
        <line num="79" type="method" name="tcpStreamInitializer" crap="132" count="0"/>
        <line num="81" type="stmt" count="0"/>
        <line num="82" type="stmt" count="0"/>
        <line num="84" type="stmt" count="0"/>
        <line num="85" type="stmt" count="0"/>
        <line num="86" type="stmt" count="0"/>
        <line num="88" type="stmt" count="0"/>
        <line num="89" type="stmt" count="0"/>
        <line num="90" type="stmt" count="0"/>
        <line num="91" type="stmt" count="0"/>
        <line num="93" type="stmt" count="0"/>
        <line num="95" type="stmt" count="0"/>
        <line num="96" type="stmt" count="0"/>
        <line num="97" type="stmt" count="0"/>
        <line num="99" type="stmt" count="0"/>
        <line num="100" type="stmt" count="0"/>
        <line num="101" type="stmt" count="0"/>
        <line num="102" type="stmt" count="0"/>
        <line num="103" type="stmt" count="0"/>
        <line num="104" type="stmt" count="0"/>
        <line num="105" type="stmt" count="0"/>
        <line num="107" type="stmt" count="0"/>
        <line num="108" type="stmt" count="0"/>
        <line num="109" type="stmt" count="0"/>
        <line num="110" type="stmt" count="0"/>
        <line num="112" type="stmt" count="0"/>
        <line num="121" type="method" name="unixStreamInitializer" crap="12" count="0"/>
        <line num="123" type="stmt" count="0"/>
        <line num="124" type="stmt" count="0"/>
        <line num="126" type="stmt" count="0"/>
        <line num="127" type="stmt" count="0"/>
        <line num="128" type="stmt" count="0"/>
        <line num="130" type="stmt" count="0"/>
        <line num="132" type="stmt" count="0"/>
        <line num="133" type="stmt" count="0"/>
        <line num="134" type="stmt" count="0"/>
        <line num="136" type="stmt" count="0"/>
        <line num="142" type="method" name="connect" crap="6" count="0"/>
        <line num="144" type="stmt" count="0"/>
        <line num="146" type="stmt" count="0"/>
        <line num="147" type="stmt" count="0"/>
        <line num="148" type="stmt" count="0"/>
        <line num="149" type="stmt" count="0"/>
        <line num="154" type="method" name="disconnect" crap="2.86" count="1"/>
        <line num="156" type="stmt" count="1"/>
        <line num="157" type="stmt" count="0"/>
        <line num="158" type="stmt" count="0"/>
        <line num="159" type="stmt" count="0"/>
        <line num="160" type="stmt" count="1"/>
        <line num="165" type="method" name="sendInitializationCommands" crap="12" count="0"/>
        <line num="167" type="stmt" count="0"/>
        <line num="168" type="stmt" count="0"/>
        <line num="169" type="stmt" count="0"/>
        <line num="170" type="stmt" count="0"/>
        <line num="171" type="stmt" count="0"/>
        <line num="172" type="stmt" count="0"/>
        <line num="173" type="stmt" count="0"/>
        <line num="181" type="method" name="writeBytes" crap="30" count="0"/>
        <line num="183" type="stmt" count="0"/>
        <line num="185" type="stmt" count="0"/>
        <line num="186" type="stmt" count="0"/>
        <line num="188" type="stmt" count="0"/>
        <line num="189" type="stmt" count="0"/>
        <line num="191" type="stmt" count="0"/>
        <line num="192" type="stmt" count="0"/>
        <line num="193" type="stmt" count="0"/>
        <line num="195" type="stmt" count="0"/>
        <line num="196" type="stmt" count="0"/>
        <line num="197" type="stmt" count="0"/>
        <line num="202" type="method" name="read" crap="306" count="0"/>
        <line num="204" type="stmt" count="0"/>
        <line num="205" type="stmt" count="0"/>
        <line num="207" type="stmt" count="0"/>
        <line num="208" type="stmt" count="0"/>
        <line num="209" type="stmt" count="0"/>
        <line num="211" type="stmt" count="0"/>
        <line num="212" type="stmt" count="0"/>
        <line num="215" type="stmt" count="0"/>
        <line num="217" type="stmt" count="0"/>
        <line num="218" type="stmt" count="0"/>
        <line num="220" type="stmt" count="0"/>
        <line num="221" type="stmt" count="0"/>
        <line num="223" type="stmt" count="0"/>
        <line num="224" type="stmt" count="0"/>
        <line num="225" type="stmt" count="0"/>
        <line num="227" type="stmt" count="0"/>
        <line num="228" type="stmt" count="0"/>
        <line num="229" type="stmt" count="0"/>
        <line num="230" type="stmt" count="0"/>
        <line num="233" type="stmt" count="0"/>
        <line num="234" type="stmt" count="0"/>
        <line num="237" type="stmt" count="0"/>
        <line num="239" type="stmt" count="0"/>
        <line num="240" type="stmt" count="0"/>
        <line num="241" type="stmt" count="0"/>
        <line num="243" type="stmt" count="0"/>
        <line num="244" type="stmt" count="0"/>
        <line num="245" type="stmt" count="0"/>
        <line num="247" type="stmt" count="0"/>
        <line num="249" type="stmt" count="0"/>
        <line num="250" type="stmt" count="0"/>
        <line num="252" type="stmt" count="0"/>
        <line num="253" type="stmt" count="0"/>
        <line num="255" type="stmt" count="0"/>
        <line num="256" type="stmt" count="0"/>
        <line num="259" type="stmt" count="0"/>
        <line num="261" type="stmt" count="0"/>
        <line num="262" type="stmt" count="0"/>
        <line num="263" type="stmt" count="0"/>
        <line num="265" type="stmt" count="0"/>
        <line num="267" type="stmt" count="0"/>
        <line num="268" type="stmt" count="0"/>
        <line num="270" type="stmt" count="0"/>
        <line num="271" type="stmt" count="0"/>
        <line num="273" type="stmt" count="0"/>
        <line num="274" type="stmt" count="0"/>
        <line num="275" type="stmt" count="0"/>
        <line num="276" type="stmt" count="0"/>
        <line num="281" type="method" name="writeCommand" crap="6" count="0"/>
        <line num="283" type="stmt" count="0"/>
        <line num="284" type="stmt" count="0"/>
        <line num="286" type="stmt" count="0"/>
        <line num="287" type="stmt" count="0"/>
        <line num="289" type="stmt" count="0"/>
        <line num="291" type="stmt" count="0"/>
        <line num="292" type="stmt" count="0"/>
        <line num="293" type="stmt" count="0"/>
        <line num="294" type="stmt" count="0"/>
        <line num="295" type="stmt" count="0"/>
        <line num="297" type="stmt" count="0"/>
        <line num="298" type="stmt" count="0"/>
        <line num="303" type="method" name="__sleep" crap="2" count="0"/>
        <line num="305" type="stmt" count="0"/>
        <metrics loc="307" ncloc="235" classes="1" methods="12" coveredmethods="2" conditionals="0" coveredconditionals="0" statements="134" coveredstatements="9" elements="146" coveredelements="11"/>
      </file>
    </package>
    <package name="Predis\Option">
      <file name="/home/kirihara/Projects/PHP/Zend2/sesiones/demoRedis/src/vendor/predis/predis/lib/Predis/Option/AbstractOption.php">
        <class name="AbstractOption" namespace="Predis\Option">
          <metrics methods="3" coveredmethods="0" conditionals="0" coveredconditionals="0" statements="5" coveredstatements="0" elements="8" coveredelements="0"/>
        </class>
        <line num="24" type="method" name="filter" crap="2" count="0"/>
        <line num="26" type="stmt" count="0"/>
        <line num="32" type="method" name="getDefault" crap="2" count="0"/>
        <line num="34" type="stmt" count="0"/>
        <line num="40" type="method" name="__invoke" crap="6" count="0"/>
        <line num="42" type="stmt" count="0"/>
        <line num="43" type="stmt" count="0"/>
        <line num="46" type="stmt" count="0"/>
        <metrics loc="48" ncloc="26" classes="1" methods="3" coveredmethods="0" conditionals="0" coveredconditionals="0" statements="5" coveredstatements="0" elements="8" coveredelements="0"/>
      </file>
      <file name="/home/kirihara/Projects/PHP/Zend2/sesiones/demoRedis/src/vendor/predis/predis/lib/Predis/Option/ClientCluster.php">
        <class name="ClientCluster" namespace="Predis\Option">
          <metrics methods="5" coveredmethods="0" conditionals="0" coveredconditionals="0" statements="21" coveredstatements="0" elements="26" coveredelements="0"/>
        </class>
        <line num="31" type="method" name="checkInstance" crap="6" count="0"/>
        <line num="33" type="stmt" count="0"/>
        <line num="34" type="stmt" count="0"/>
        <line num="37" type="stmt" count="0"/>
        <line num="43" type="method" name="filter" crap="6" count="0"/>
        <line num="45" type="stmt" count="0"/>
        <line num="46" type="stmt" count="0"/>
        <line num="49" type="stmt" count="0"/>
        <line num="51" type="stmt" count="0"/>
        <line num="61" type="method" name="getInitializer" crap="30" count="0"/>
        <line num="64" type="stmt" count="0"/>
        <line num="66" type="stmt" count="0"/>
        <line num="67" type="stmt" count="0"/>
        <line num="69" type="stmt" count="0"/>
        <line num="71" type="stmt" count="0"/>
        <line num="72" type="stmt" count="0"/>
        <line num="74" type="stmt" count="0"/>
        <line num="75" type="stmt" count="0"/>
        <line num="77" type="stmt" count="0"/>
        <line num="79" type="stmt" count="0"/>
        <line num="80" type="stmt" count="0"/>
        <line num="83" type="method" name="anonymous function" crap="2" count="0"/>
        <line num="84" type="stmt" count="0"/>
        <line num="85" type="stmt" count="0"/>
        <line num="86" type="stmt" count="0"/>
        <line num="92" type="method" name="getDefault" crap="2" count="0"/>
        <line num="94" type="stmt" count="0"/>
        <metrics loc="96" ncloc="62" classes="1" methods="5" coveredmethods="0" conditionals="0" coveredconditionals="0" statements="22" coveredstatements="0" elements="27" coveredelements="0"/>
      </file>
      <file name="/home/kirihara/Projects/PHP/Zend2/sesiones/demoRedis/src/vendor/predis/predis/lib/Predis/Option/ClientConnectionFactory.php">
        <class name="ClientConnectionFactory" namespace="Predis\Option">
          <metrics methods="2" coveredmethods="1" conditionals="0" coveredconditionals="0" statements="20" coveredstatements="1" elements="22" coveredelements="2"/>
        </class>
        <line num="27" type="method" name="filter" crap="72" count="0"/>
        <line num="29" type="stmt" count="0"/>
        <line num="30" type="stmt" count="0"/>
        <line num="33" type="stmt" count="0"/>
        <line num="34" type="stmt" count="0"/>
        <line num="36" type="stmt" count="0"/>
        <line num="37" type="stmt" count="0"/>
        <line num="38" type="stmt" count="0"/>
        <line num="40" type="stmt" count="0"/>
        <line num="43" type="stmt" count="0"/>
        <line num="44" type="stmt" count="0"/>
        <line num="46" type="stmt" count="0"/>
        <line num="47" type="stmt" count="0"/>
        <line num="50" type="stmt" count="0"/>
        <line num="53" type="stmt" count="0"/>
        <line num="54" type="stmt" count="0"/>
        <line num="56" type="stmt" count="0"/>
        <line num="57" type="stmt" count="0"/>
        <line num="60" type="stmt" count="0"/>
        <line num="63" type="stmt" count="0"/>
        <line num="69" type="method" name="getDefault" crap="1" count="3"/>
        <line num="71" type="stmt" count="3"/>
        <metrics loc="73" ncloc="54" classes="1" methods="2" coveredmethods="1" conditionals="0" coveredconditionals="0" statements="20" coveredstatements="1" elements="22" coveredelements="2"/>
      </file>
      <file name="/home/kirihara/Projects/PHP/Zend2/sesiones/demoRedis/src/vendor/predis/predis/lib/Predis/Option/ClientExceptions.php">
        <class name="ClientExceptions" namespace="Predis\Option">
          <metrics methods="2" coveredmethods="0" conditionals="0" coveredconditionals="0" statements="2" coveredstatements="0" elements="4" coveredelements="0"/>
        </class>
        <line num="24" type="method" name="filter" crap="2" count="0"/>
        <line num="26" type="stmt" count="0"/>
        <line num="32" type="method" name="getDefault" crap="2" count="0"/>
        <line num="34" type="stmt" count="0"/>
        <metrics loc="36" ncloc="17" classes="1" methods="2" coveredmethods="0" conditionals="0" coveredconditionals="0" statements="2" coveredstatements="0" elements="4" coveredelements="0"/>
      </file>
      <file name="/home/kirihara/Projects/PHP/Zend2/sesiones/demoRedis/src/vendor/predis/predis/lib/Predis/Option/ClientOptions.php">
        <class name="ClientOptions" namespace="Predis\Option">
          <metrics methods="7" coveredmethods="3" conditionals="0" coveredconditionals="0" statements="30" coveredstatements="20" elements="37" coveredelements="23"/>
        </class>
        <line num="28" type="method" name="__construct" crap="1" count="3"/>
        <line num="30" type="stmt" count="3"/>
        <line num="31" type="stmt" count="3"/>
        <line num="32" type="stmt" count="3"/>
        <line num="39" type="method" name="getDefaultOptions" crap="1" count="3"/>
        <line num="42" type="stmt" count="3"/>
        <line num="43" type="stmt" count="3"/>
        <line num="44" type="stmt" count="3"/>
        <line num="45" type="stmt" count="3"/>
        <line num="46" type="stmt" count="3"/>
        <line num="47" type="stmt" count="3"/>
        <line num="48" type="stmt" count="3"/>
        <line num="57" type="method" name="initialize" crap="4.12" count="3"/>
        <line num="59" type="stmt" count="3"/>
        <line num="61" type="stmt" count="3"/>
        <line num="62" type="stmt" count="0"/>
        <line num="63" type="stmt" count="0"/>
        <line num="64" type="method" name="anonymous function" crap="2" count="0"/>
        <line num="65" type="stmt" count="0"/>
        <line num="67" type="stmt" count="0"/>
        <line num="68" type="stmt" count="0"/>
        <line num="70" type="stmt" count="3"/>
        <line num="72" type="stmt" count="3"/>
        <line num="81" type="method" name="__isset" crap="1" count="3"/>
        <line num="83" type="stmt" count="3"/>
        <line num="92" type="method" name="__get" crap="4.03" count="3"/>
        <line num="94" type="stmt" count="3"/>
        <line num="95" type="stmt" count="3"/>
        <line num="98" type="stmt" count="3"/>
        <line num="99" type="stmt" count="3"/>
        <line num="100" type="stmt" count="3"/>
        <line num="101" type="stmt" count="3"/>
        <line num="103" type="stmt" count="3"/>
        <line num="105" type="stmt" count="0"/>
        <line num="113" type="method" name="getDefault" crap="12" count="0"/>
        <line num="115" type="stmt" count="0"/>
        <line num="116" type="stmt" count="0"/>
        <line num="119" type="stmt" count="0"/>
        <line num="121" type="stmt" count="0"/>
        <line num="122" type="stmt" count="0"/>
        <line num="124" type="stmt" count="0"/>
        <metrics loc="125" ncloc="80" classes="1" methods="7" coveredmethods="3" conditionals="0" coveredconditionals="0" statements="34" coveredstatements="22" elements="41" coveredelements="25"/>
      </file>
      <file name="/home/kirihara/Projects/PHP/Zend2/sesiones/demoRedis/src/vendor/predis/predis/lib/Predis/Option/ClientPrefix.php">
        <class name="ClientPrefix" namespace="Predis\Option">
          <metrics methods="1" coveredmethods="0" conditionals="0" coveredconditionals="0" statements="1" coveredstatements="0" elements="2" coveredelements="0"/>
        </class>
        <line num="26" type="method" name="filter" crap="2" count="0"/>
        <line num="28" type="stmt" count="0"/>
        <metrics loc="30" ncloc="14" classes="1" methods="1" coveredmethods="0" conditionals="0" coveredconditionals="0" statements="1" coveredstatements="0" elements="2" coveredelements="0"/>
      </file>
      <file name="/home/kirihara/Projects/PHP/Zend2/sesiones/demoRedis/src/vendor/predis/predis/lib/Predis/Option/ClientProfile.php">
        <class name="ClientProfile" namespace="Predis\Option">
          <metrics methods="2" coveredmethods="0" conditionals="0" coveredconditionals="0" statements="17" coveredstatements="3" elements="19" coveredelements="3"/>
        </class>
        <line num="27" type="method" name="filter" crap="30" count="0"/>
        <line num="29" type="stmt" count="0"/>
        <line num="30" type="stmt" count="0"/>
        <line num="32" type="stmt" count="0"/>
        <line num="33" type="stmt" count="0"/>
        <line num="34" type="stmt" count="0"/>
        <line num="35" type="stmt" count="0"/>
        <line num="37" type="stmt" count="0"/>
        <line num="38" type="stmt" count="0"/>
        <line num="39" type="stmt" count="0"/>
        <line num="41" type="stmt" count="0"/>
        <line num="42" type="stmt" count="0"/>
        <line num="45" type="stmt" count="0"/>
        <line num="51" type="method" name="getDefault" crap="2.26" count="3"/>
        <line num="53" type="stmt" count="3"/>
        <line num="55" type="stmt" count="3"/>
        <line num="56" type="stmt" count="0"/>
        <line num="57" type="stmt" count="0"/>
        <line num="59" type="stmt" count="3"/>
        <metrics loc="61" ncloc="42" classes="1" methods="2" coveredmethods="0" conditionals="0" coveredconditionals="0" statements="17" coveredstatements="3" elements="19" coveredelements="3"/>
      </file>
      <file name="/home/kirihara/Projects/PHP/Zend2/sesiones/demoRedis/src/vendor/predis/predis/lib/Predis/Option/ClientReplication.php">
        <class name="ClientReplication" namespace="Predis\Option">
          <metrics methods="3" coveredmethods="0" conditionals="0" coveredconditionals="0" statements="18" coveredstatements="0" elements="21" coveredelements="0"/>
        </class>
        <line num="30" type="method" name="checkInstance" crap="6" count="0"/>
        <line num="32" type="stmt" count="0"/>
        <line num="33" type="stmt" count="0"/>
        <line num="36" type="stmt" count="0"/>
        <line num="42" type="method" name="filter" crap="56" count="0"/>
        <line num="44" type="stmt" count="0"/>
        <line num="45" type="stmt" count="0"/>
        <line num="47" type="stmt" count="0"/>
        <line num="48" type="stmt" count="0"/>
        <line num="51" type="stmt" count="0"/>
        <line num="54" type="stmt" count="0"/>
        <line num="55" type="stmt" count="0"/>
        <line num="56" type="stmt" count="0"/>
        <line num="59" type="stmt" count="0"/>
        <line num="60" type="stmt" count="0"/>
        <line num="63" type="stmt" count="0"/>
        <line num="66" type="stmt" count="0"/>
        <line num="67" type="stmt" count="0"/>
        <line num="69" type="stmt" count="0"/>
        <line num="74" type="method" name="getDefault" crap="2" count="0"/>
        <line num="76" type="stmt" count="0"/>
        <metrics loc="78" ncloc="53" classes="1" methods="3" coveredmethods="0" conditionals="0" coveredconditionals="0" statements="18" coveredstatements="0" elements="21" coveredelements="0"/>
      </file>
    </package>
    <package name="Predis\Profile">
      <file name="/home/kirihara/Projects/PHP/Zend2/sesiones/demoRedis/src/vendor/predis/predis/lib/Predis/Profile/ServerProfile.php">
        <class name="ServerProfile" namespace="Predis\Profile">
          <metrics methods="14" coveredmethods="3" conditionals="0" coveredconditionals="0" statements="56" coveredstatements="18" elements="70" coveredelements="21"/>
        </class>
        <line num="33" type="method" name="__construct" crap="1" count="3"/>
        <line num="35" type="stmt" count="3"/>
        <line num="36" type="stmt" count="3"/>
        <line num="51" type="method" name="getDefault" crap="1" count="3"/>
        <line num="53" type="stmt" count="3"/>
        <line num="61" type="method" name="getDevelopment" crap="2" count="0"/>
        <line num="63" type="stmt" count="0"/>
        <line num="72" type="method" name="getDefaultProfiles" crap="1" count="1"/>
        <line num="75" type="stmt" count="1"/>
        <line num="76" type="stmt" count="1"/>
        <line num="77" type="stmt" count="1"/>
        <line num="78" type="stmt" count="1"/>
        <line num="79" type="stmt" count="1"/>
        <line num="80" type="stmt" count="1"/>
        <line num="81" type="stmt" count="1"/>
        <line num="82" type="stmt" count="1"/>
        <line num="83" type="stmt" count="1"/>
        <line num="92" type="method" name="define" crap="12" count="0"/>
        <line num="94" type="stmt" count="0"/>
        <line num="95" type="stmt" count="0"/>
        <line num="96" type="stmt" count="0"/>
        <line num="98" type="stmt" count="0"/>
        <line num="100" type="stmt" count="0"/>
        <line num="101" type="stmt" count="0"/>
        <line num="104" type="stmt" count="0"/>
        <line num="105" type="stmt" count="0"/>
        <line num="113" type="method" name="get" crap="3.03" count="3"/>
        <line num="115" type="stmt" count="3"/>
        <line num="116" type="stmt" count="1"/>
        <line num="117" type="stmt" count="1"/>
        <line num="119" type="stmt" count="3"/>
        <line num="120" type="stmt" count="0"/>
        <line num="123" type="stmt" count="3"/>
        <line num="125" type="stmt" count="3"/>
        <line num="131" type="method" name="supportsCommands" crap="12" count="0"/>
        <line num="133" type="stmt" count="0"/>
        <line num="134" type="stmt" count="0"/>
        <line num="135" type="stmt" count="0"/>
        <line num="137" type="stmt" count="0"/>
        <line num="139" type="stmt" count="0"/>
        <line num="145" type="method" name="supportsCommand" crap="2" count="0"/>
        <line num="147" type="stmt" count="0"/>
        <line num="157" type="method" name="getCommandClass" crap="6" count="0"/>
        <line num="159" type="stmt" count="0"/>
        <line num="160" type="stmt" count="0"/>
        <line num="162" type="stmt" count="0"/>
        <line num="167" type="method" name="createCommand" crap="12" count="0"/>
        <line num="169" type="stmt" count="0"/>
        <line num="171" type="stmt" count="0"/>
        <line num="172" type="stmt" count="0"/>
        <line num="175" type="stmt" count="0"/>
        <line num="176" type="stmt" count="0"/>
        <line num="177" type="stmt" count="0"/>
        <line num="179" type="stmt" count="0"/>
        <line num="180" type="stmt" count="0"/>
        <line num="181" type="stmt" count="0"/>
        <line num="183" type="stmt" count="0"/>
        <line num="192" type="method" name="defineCommand" crap="6" count="0"/>
        <line num="194" type="stmt" count="0"/>
        <line num="196" type="stmt" count="0"/>
        <line num="197" type="stmt" count="0"/>
        <line num="200" type="stmt" count="0"/>
        <line num="201" type="stmt" count="0"/>
        <line num="206" type="method" name="setProcessor" crap="2" count="0"/>
        <line num="208" type="stmt" count="0"/>
        <line num="209" type="stmt" count="0"/>
        <line num="214" type="method" name="getProcessor" crap="2" count="0"/>
        <line num="216" type="stmt" count="0"/>
        <line num="224" type="method" name="__toString" crap="2" count="0"/>
        <line num="226" type="stmt" count="0"/>
        <metrics loc="228" ncloc="145" classes="1" methods="14" coveredmethods="3" conditionals="0" coveredconditionals="0" statements="56" coveredstatements="18" elements="70" coveredelements="21"/>
      </file>
      <file name="/home/kirihara/Projects/PHP/Zend2/sesiones/demoRedis/src/vendor/predis/predis/lib/Predis/Profile/ServerVersion26.php">
        <class name="ServerVersion26" namespace="Predis\Profile">
          <metrics methods="2" coveredmethods="1" conditionals="0" coveredconditionals="0" statements="137" coveredstatements="136" elements="139" coveredelements="137"/>
        </class>
        <line num="24" type="method" name="getVersion" crap="2" count="0"/>
        <line num="26" type="stmt" count="0"/>
        <line num="32" type="method" name="getSupportedCommands" crap="1" count="3"/>
        <line num="38" type="stmt" count="3"/>
        <line num="39" type="stmt" count="3"/>
        <line num="40" type="stmt" count="3"/>
        <line num="41" type="stmt" count="3"/>
        <line num="42" type="stmt" count="3"/>
        <line num="43" type="stmt" count="3"/>
        <line num="44" type="stmt" count="3"/>
        <line num="45" type="stmt" count="3"/>
        <line num="46" type="stmt" count="3"/>
        <line num="47" type="stmt" count="3"/>
        <line num="48" type="stmt" count="3"/>
        <line num="49" type="stmt" count="3"/>
        <line num="50" type="stmt" count="3"/>
        <line num="51" type="stmt" count="3"/>
        <line num="54" type="stmt" count="3"/>
        <line num="55" type="stmt" count="3"/>
        <line num="56" type="stmt" count="3"/>
        <line num="57" type="stmt" count="3"/>
        <line num="58" type="stmt" count="3"/>
        <line num="59" type="stmt" count="3"/>
        <line num="60" type="stmt" count="3"/>
        <line num="61" type="stmt" count="3"/>
        <line num="62" type="stmt" count="3"/>
        <line num="63" type="stmt" count="3"/>
        <line num="64" type="stmt" count="3"/>
        <line num="67" type="stmt" count="3"/>
        <line num="68" type="stmt" count="3"/>
        <line num="69" type="stmt" count="3"/>
        <line num="70" type="stmt" count="3"/>
        <line num="71" type="stmt" count="3"/>
        <line num="72" type="stmt" count="3"/>
        <line num="73" type="stmt" count="3"/>
        <line num="74" type="stmt" count="3"/>
        <line num="75" type="stmt" count="3"/>
        <line num="76" type="stmt" count="3"/>
        <line num="77" type="stmt" count="3"/>
        <line num="80" type="stmt" count="3"/>
        <line num="81" type="stmt" count="3"/>
        <line num="82" type="stmt" count="3"/>
        <line num="83" type="stmt" count="3"/>
        <line num="84" type="stmt" count="3"/>
        <line num="85" type="stmt" count="3"/>
        <line num="86" type="stmt" count="3"/>
        <line num="87" type="stmt" count="3"/>
        <line num="88" type="stmt" count="3"/>
        <line num="89" type="stmt" count="3"/>
        <line num="90" type="stmt" count="3"/>
        <line num="91" type="stmt" count="3"/>
        <line num="92" type="stmt" count="3"/>
        <line num="93" type="stmt" count="3"/>
        <line num="96" type="stmt" count="3"/>
        <line num="97" type="stmt" count="3"/>
        <line num="98" type="stmt" count="3"/>
        <line num="99" type="stmt" count="3"/>
        <line num="100" type="stmt" count="3"/>
        <line num="101" type="stmt" count="3"/>
        <line num="102" type="stmt" count="3"/>
        <line num="103" type="stmt" count="3"/>
        <line num="104" type="stmt" count="3"/>
        <line num="107" type="stmt" count="3"/>
        <line num="108" type="stmt" count="3"/>
        <line num="109" type="stmt" count="3"/>
        <line num="110" type="stmt" count="3"/>
        <line num="111" type="stmt" count="3"/>
        <line num="114" type="stmt" count="3"/>
        <line num="115" type="stmt" count="3"/>
        <line num="116" type="stmt" count="3"/>
        <line num="117" type="stmt" count="3"/>
        <line num="118" type="stmt" count="3"/>
        <line num="119" type="stmt" count="3"/>
        <line num="120" type="stmt" count="3"/>
        <line num="121" type="stmt" count="3"/>
        <line num="122" type="stmt" count="3"/>
        <line num="123" type="stmt" count="3"/>
        <line num="124" type="stmt" count="3"/>
        <line num="129" type="stmt" count="3"/>
        <line num="130" type="stmt" count="3"/>
        <line num="131" type="stmt" count="3"/>
        <line num="134" type="stmt" count="3"/>
        <line num="135" type="stmt" count="3"/>
        <line num="138" type="stmt" count="3"/>
        <line num="139" type="stmt" count="3"/>
        <line num="140" type="stmt" count="3"/>
        <line num="141" type="stmt" count="3"/>
        <line num="142" type="stmt" count="3"/>
        <line num="143" type="stmt" count="3"/>
        <line num="146" type="stmt" count="3"/>
        <line num="147" type="stmt" count="3"/>
        <line num="148" type="stmt" count="3"/>
        <line num="149" type="stmt" count="3"/>
        <line num="150" type="stmt" count="3"/>
        <line num="151" type="stmt" count="3"/>
        <line num="152" type="stmt" count="3"/>
        <line num="153" type="stmt" count="3"/>
        <line num="154" type="stmt" count="3"/>
        <line num="155" type="stmt" count="3"/>
        <line num="156" type="stmt" count="3"/>
        <line num="157" type="stmt" count="3"/>
        <line num="160" type="stmt" count="3"/>
        <line num="161" type="stmt" count="3"/>
        <line num="162" type="stmt" count="3"/>
        <line num="165" type="stmt" count="3"/>
        <line num="166" type="stmt" count="3"/>
        <line num="167" type="stmt" count="3"/>
        <line num="168" type="stmt" count="3"/>
        <line num="169" type="stmt" count="3"/>
        <line num="172" type="stmt" count="3"/>
        <line num="177" type="stmt" count="3"/>
        <line num="180" type="stmt" count="3"/>
        <line num="181" type="stmt" count="3"/>
        <line num="182" type="stmt" count="3"/>
        <line num="183" type="stmt" count="3"/>
        <line num="184" type="stmt" count="3"/>
        <line num="187" type="stmt" count="3"/>
        <line num="188" type="stmt" count="3"/>
        <line num="189" type="stmt" count="3"/>
        <line num="190" type="stmt" count="3"/>
        <line num="193" type="stmt" count="3"/>
        <line num="196" type="stmt" count="3"/>
        <line num="197" type="stmt" count="3"/>
        <line num="200" type="stmt" count="3"/>
        <line num="201" type="stmt" count="3"/>
        <line num="206" type="stmt" count="3"/>
        <line num="211" type="stmt" count="3"/>
        <line num="212" type="stmt" count="3"/>
        <line num="213" type="stmt" count="3"/>
        <line num="216" type="stmt" count="3"/>
        <line num="217" type="stmt" count="3"/>
        <line num="218" type="stmt" count="3"/>
        <line num="219" type="stmt" count="3"/>
        <line num="222" type="stmt" count="3"/>
        <line num="225" type="stmt" count="3"/>
        <line num="226" type="stmt" count="3"/>
        <line num="227" type="stmt" count="3"/>
        <line num="230" type="stmt" count="3"/>
        <line num="231" type="stmt" count="3"/>
        <metrics loc="233" ncloc="183" classes="1" methods="2" coveredmethods="1" conditionals="0" coveredconditionals="0" statements="137" coveredstatements="136" elements="139" coveredelements="137"/>
      </file>
    </package>
    <package name="Zend\Config">
      <file name="/home/kirihara/Projects/PHP/Zend2/sesiones/demoRedis/src/vendor/zendframework/zendframework/library/Zend/Config/Factory.php">
        <class name="Factory" namespace="Zend\Config">
          <metrics methods="9" coveredmethods="0" conditionals="0" coveredconditionals="0" statements="104" coveredstatements="0" elements="113" coveredelements="0"/>
        </class>
        <line num="67" type="method" name="fromFile" crap="132" count="0"/>
        <line num="69" type="stmt" count="0"/>
        <line num="70" type="stmt" count="0"/>
        <line num="71" type="stmt" count="0"/>
        <line num="72" type="stmt" count="0"/>
        <line num="73" type="stmt" count="0"/>
        <line num="75" type="stmt" count="0"/>
        <line num="78" type="stmt" count="0"/>
        <line num="79" type="stmt" count="0"/>
        <line num="80" type="stmt" count="0"/>
        <line num="81" type="stmt" count="0"/>
        <line num="82" type="stmt" count="0"/>
        <line num="83" type="stmt" count="0"/>
        <line num="84" type="stmt" count="0"/>
        <line num="86" type="stmt" count="0"/>
        <line num="87" type="stmt" count="0"/>
        <line num="89" type="stmt" count="0"/>
        <line num="91" type="stmt" count="0"/>
        <line num="92" type="stmt" count="0"/>
        <line num="93" type="stmt" count="0"/>
        <line num="95" type="stmt" count="0"/>
        <line num="98" type="stmt" count="0"/>
        <line num="100" type="stmt" count="0"/>
        <line num="101" type="stmt" count="0"/>
        <line num="102" type="stmt" count="0"/>
        <line num="103" type="stmt" count="0"/>
        <line num="105" type="stmt" count="0"/>
        <line num="108" type="stmt" count="0"/>
        <line num="109" type="stmt" count="0"/>
        <line num="110" type="stmt" count="0"/>
        <line num="111" type="stmt" count="0"/>
        <line num="112" type="stmt" count="0"/>
        <line num="113" type="stmt" count="0"/>
        <line num="114" type="stmt" count="0"/>
        <line num="117" type="stmt" count="0"/>
        <line num="118" type="stmt" count="0"/>
        <line num="119" type="stmt" count="0"/>
        <line num="120" type="stmt" count="0"/>
        <line num="121" type="stmt" count="0"/>
        <line num="122" type="stmt" count="0"/>
        <line num="125" type="stmt" count="0"/>
        <line num="136" type="method" name="fromFiles" crap="12" count="0"/>
        <line num="138" type="stmt" count="0"/>
        <line num="140" type="stmt" count="0"/>
        <line num="141" type="stmt" count="0"/>
        <line num="142" type="stmt" count="0"/>
        <line num="144" type="stmt" count="0"/>
        <line num="156" type="method" name="toFile" crap="110" count="0"/>
        <line num="159" type="stmt" count="0"/>
        <line num="160" type="stmt" count="0"/>
        <line num="161" type="stmt" count="0"/>
        <line num="162" type="stmt" count="0"/>
        <line num="164" type="stmt" count="0"/>
        <line num="167" type="stmt" count="0"/>
        <line num="168" type="stmt" count="0"/>
        <line num="170" type="stmt" count="0"/>
        <line num="171" type="stmt" count="0"/>
        <line num="172" type="stmt" count="0"/>
        <line num="173" type="stmt" count="0"/>
        <line num="176" type="stmt" count="0"/>
        <line num="177" type="stmt" count="0"/>
        <line num="178" type="stmt" count="0"/>
        <line num="179" type="stmt" count="0"/>
        <line num="182" type="stmt" count="0"/>
        <line num="183" type="stmt" count="0"/>
        <line num="184" type="stmt" count="0"/>
        <line num="185" type="stmt" count="0"/>
        <line num="188" type="stmt" count="0"/>
        <line num="189" type="stmt" count="0"/>
        <line num="190" type="stmt" count="0"/>
        <line num="191" type="stmt" count="0"/>
        <line num="192" type="stmt" count="0"/>
        <line num="194" type="stmt" count="0"/>
        <line num="195" type="stmt" count="0"/>
        <line num="196" type="stmt" count="0"/>
        <line num="198" type="stmt" count="0"/>
        <line num="200" type="stmt" count="0"/>
        <line num="209" type="method" name="setReaderPluginManager" crap="2" count="0"/>
        <line num="211" type="stmt" count="0"/>
        <line num="212" type="stmt" count="0"/>
        <line num="219" type="method" name="getReaderPluginManager" crap="6" count="0"/>
        <line num="221" type="stmt" count="0"/>
        <line num="222" type="stmt" count="0"/>
        <line num="223" type="stmt" count="0"/>
        <line num="224" type="stmt" count="0"/>
        <line num="233" type="method" name="setWriterPluginManager" crap="2" count="0"/>
        <line num="235" type="stmt" count="0"/>
        <line num="236" type="stmt" count="0"/>
        <line num="243" type="method" name="getWriterPluginManager" crap="6" count="0"/>
        <line num="245" type="stmt" count="0"/>
        <line num="246" type="stmt" count="0"/>
        <line num="247" type="stmt" count="0"/>
        <line num="249" type="stmt" count="0"/>
        <line num="260" type="method" name="registerReader" crap="20" count="0"/>
        <line num="262" type="stmt" count="0"/>
        <line num="264" type="stmt" count="0"/>
        <line num="265" type="stmt" count="0"/>
        <line num="267" type="stmt" count="0"/>
        <line num="268" type="stmt" count="0"/>
        <line num="269" type="stmt" count="0"/>
        <line num="270" type="stmt" count="0"/>
        <line num="273" type="stmt" count="0"/>
        <line num="274" type="stmt" count="0"/>
        <line num="284" type="method" name="registerWriter" crap="20" count="0"/>
        <line num="286" type="stmt" count="0"/>
        <line num="288" type="stmt" count="0"/>
        <line num="289" type="stmt" count="0"/>
        <line num="291" type="stmt" count="0"/>
        <line num="292" type="stmt" count="0"/>
        <line num="293" type="stmt" count="0"/>
        <line num="294" type="stmt" count="0"/>
        <line num="297" type="stmt" count="0"/>
        <line num="298" type="stmt" count="0"/>
        <metrics loc="299" ncloc="204" classes="1" methods="9" coveredmethods="0" conditionals="0" coveredconditionals="0" statements="104" coveredstatements="0" elements="113" coveredelements="0"/>
      </file>
    </package>
    <package name="Zend\EventManager">
      <file name="/home/kirihara/Projects/PHP/Zend2/sesiones/demoRedis/src/vendor/zendframework/zendframework/library/Zend/EventManager/Event.php">
        <class name="Event" namespace="Zend\EventManager">
          <metrics methods="11" coveredmethods="0" conditionals="0" coveredconditionals="0" statements="38" coveredstatements="0" elements="49" coveredelements="0"/>
        </class>
        <line num="51" type="method" name="__construct" crap="20" count="0"/>
        <line num="53" type="stmt" count="0"/>
        <line num="54" type="stmt" count="0"/>
        <line num="55" type="stmt" count="0"/>
        <line num="57" type="stmt" count="0"/>
        <line num="58" type="stmt" count="0"/>
        <line num="59" type="stmt" count="0"/>
        <line num="61" type="stmt" count="0"/>
        <line num="62" type="stmt" count="0"/>
        <line num="63" type="stmt" count="0"/>
        <line num="64" type="stmt" count="0"/>
        <line num="71" type="method" name="getName" crap="2" count="0"/>
        <line num="73" type="stmt" count="0"/>
        <line num="83" type="method" name="getTarget" crap="2" count="0"/>
        <line num="85" type="stmt" count="0"/>
        <line num="97" type="method" name="setParams" crap="12" count="0"/>
        <line num="99" type="stmt" count="0"/>
        <line num="100" type="stmt" count="0"/>
        <line num="101" type="stmt" count="0"/>
        <line num="102" type="stmt" count="0"/>
        <line num="105" type="stmt" count="0"/>
        <line num="106" type="stmt" count="0"/>
        <line num="114" type="method" name="getParams" crap="2" count="0"/>
        <line num="116" type="stmt" count="0"/>
        <line num="128" type="method" name="getParam" crap="30" count="0"/>
        <line num="131" type="stmt" count="0"/>
        <line num="132" type="stmt" count="0"/>
        <line num="133" type="stmt" count="0"/>
        <line num="136" type="stmt" count="0"/>
        <line num="140" type="stmt" count="0"/>
        <line num="141" type="stmt" count="0"/>
        <line num="143" type="stmt" count="0"/>
        <line num="152" type="method" name="setName" crap="2" count="0"/>
        <line num="154" type="stmt" count="0"/>
        <line num="155" type="stmt" count="0"/>
        <line num="164" type="method" name="setTarget" crap="2" count="0"/>
        <line num="166" type="stmt" count="0"/>
        <line num="167" type="stmt" count="0"/>
        <line num="177" type="method" name="setParam" crap="12" count="0"/>
        <line num="179" type="stmt" count="0"/>
        <line num="181" type="stmt" count="0"/>
        <line num="182" type="stmt" count="0"/>
        <line num="184" type="stmt" count="0"/>
        <line num="186" type="stmt" count="0"/>
        <line num="195" type="method" name="stopPropagation" crap="2" count="0"/>
        <line num="197" type="stmt" count="0"/>
        <line num="198" type="stmt" count="0"/>
        <line num="205" type="method" name="propagationIsStopped" crap="2" count="0"/>
        <line num="207" type="stmt" count="0"/>
        <metrics loc="209" ncloc="102" classes="1" methods="11" coveredmethods="0" conditionals="0" coveredconditionals="0" statements="38" coveredstatements="0" elements="49" coveredelements="0"/>
      </file>
      <file name="/home/kirihara/Projects/PHP/Zend2/sesiones/demoRedis/src/vendor/zendframework/zendframework/library/Zend/EventManager/EventManager.php">
        <class name="EventManager" namespace="Zend\EventManager">
          <metrics methods="21" coveredmethods="0" conditionals="0" coveredconditionals="0" statements="170" coveredstatements="0" elements="191" coveredelements="0"/>
        </class>
        <line num="57" type="method" name="__construct" crap="2" count="0"/>
        <line num="59" type="stmt" count="0"/>
        <line num="60" type="stmt" count="0"/>
        <line num="68" type="method" name="setEventClass" crap="2" count="0"/>
        <line num="70" type="stmt" count="0"/>
        <line num="71" type="stmt" count="0"/>
        <line num="80" type="method" name="setSharedManager" crap="2" count="0"/>
        <line num="82" type="stmt" count="0"/>
        <line num="83" type="stmt" count="0"/>
        <line num="84" type="stmt" count="0"/>
        <line num="92" type="method" name="unsetSharedManager" crap="2" count="0"/>
        <line num="94" type="stmt" count="0"/>
        <line num="95" type="stmt" count="0"/>
        <line num="108" type="method" name="getSharedManager" crap="20" count="0"/>
        <line num="111" type="stmt" count="0"/>
        <line num="112" type="stmt" count="0"/>
        <line num="113" type="stmt" count="0"/>
        <line num="114" type="stmt" count="0"/>
        <line num="117" type="stmt" count="0"/>
        <line num="118" type="stmt" count="0"/>
        <line num="121" type="stmt" count="0"/>
        <line num="122" type="stmt" count="0"/>
        <line num="130" type="method" name="getIdentifiers" crap="2" count="0"/>
        <line num="132" type="stmt" count="0"/>
        <line num="141" type="method" name="setIdentifiers" crap="20" count="0"/>
        <line num="143" type="stmt" count="0"/>
        <line num="144" type="stmt" count="0"/>
        <line num="145" type="stmt" count="0"/>
        <line num="146" type="stmt" count="0"/>
        <line num="147" type="stmt" count="0"/>
        <line num="148" type="stmt" count="0"/>
        <line num="157" type="method" name="addIdentifiers" crap="20" count="0"/>
        <line num="159" type="stmt" count="0"/>
        <line num="160" type="stmt" count="0"/>
        <line num="161" type="stmt" count="0"/>
        <line num="162" type="stmt" count="0"/>
        <line num="163" type="stmt" count="0"/>
        <line num="164" type="stmt" count="0"/>
        <line num="179" type="method" name="trigger" crap="42" count="0"/>
        <line num="181" type="stmt" count="0"/>
        <line num="182" type="stmt" count="0"/>
        <line num="183" type="stmt" count="0"/>
        <line num="184" type="stmt" count="0"/>
        <line num="185" type="stmt" count="0"/>
        <line num="186" type="stmt" count="0"/>
        <line num="187" type="stmt" count="0"/>
        <line num="188" type="stmt" count="0"/>
        <line num="189" type="stmt" count="0"/>
        <line num="190" type="stmt" count="0"/>
        <line num="191" type="stmt" count="0"/>
        <line num="192" type="stmt" count="0"/>
        <line num="193" type="stmt" count="0"/>
        <line num="194" type="stmt" count="0"/>
        <line num="195" type="stmt" count="0"/>
        <line num="196" type="stmt" count="0"/>
        <line num="197" type="stmt" count="0"/>
        <line num="200" type="stmt" count="0"/>
        <line num="201" type="stmt" count="0"/>
        <line num="205" type="stmt" count="0"/>
        <line num="207" type="stmt" count="0"/>
        <line num="224" type="method" name="triggerUntil" crap="30" count="0"/>
        <line num="226" type="stmt" count="0"/>
        <line num="227" type="stmt" count="0"/>
        <line num="228" type="stmt" count="0"/>
        <line num="229" type="stmt" count="0"/>
        <line num="230" type="stmt" count="0"/>
        <line num="231" type="stmt" count="0"/>
        <line num="232" type="stmt" count="0"/>
        <line num="233" type="stmt" count="0"/>
        <line num="234" type="stmt" count="0"/>
        <line num="235" type="stmt" count="0"/>
        <line num="236" type="stmt" count="0"/>
        <line num="237" type="stmt" count="0"/>
        <line num="238" type="stmt" count="0"/>
        <line num="239" type="stmt" count="0"/>
        <line num="240" type="stmt" count="0"/>
        <line num="241" type="stmt" count="0"/>
        <line num="242" type="stmt" count="0"/>
        <line num="245" type="stmt" count="0"/>
        <line num="246" type="stmt" count="0"/>
        <line num="250" type="stmt" count="0"/>
        <line num="252" type="stmt" count="0"/>
        <line num="275" type="method" name="attach" crap="42" count="0"/>
        <line num="278" type="stmt" count="0"/>
        <line num="279" type="stmt" count="0"/>
        <line num="283" type="stmt" count="0"/>
        <line num="284" type="stmt" count="0"/>
        <line num="285" type="stmt" count="0"/>
        <line num="287" type="stmt" count="0"/>
        <line num="291" type="stmt" count="0"/>
        <line num="292" type="stmt" count="0"/>
        <line num="293" type="stmt" count="0"/>
        <line num="294" type="stmt" count="0"/>
        <line num="295" type="stmt" count="0"/>
        <line num="296" type="stmt" count="0"/>
        <line num="300" type="stmt" count="0"/>
        <line num="301" type="stmt" count="0"/>
        <line num="302" type="stmt" count="0"/>
        <line num="305" type="stmt" count="0"/>
        <line num="308" type="stmt" count="0"/>
        <line num="309" type="stmt" count="0"/>
        <line num="323" type="method" name="attachAggregate" crap="2" count="0"/>
        <line num="325" type="stmt" count="0"/>
        <line num="335" type="method" name="detach" crap="72" count="0"/>
        <line num="337" type="stmt" count="0"/>
        <line num="338" type="stmt" count="0"/>
        <line num="341" type="stmt" count="0"/>
        <line num="342" type="stmt" count="0"/>
        <line num="343" type="stmt" count="0"/>
        <line num="344" type="stmt" count="0"/>
        <line num="345" type="stmt" count="0"/>
        <line num="346" type="stmt" count="0"/>
        <line num="349" type="stmt" count="0"/>
        <line num="350" type="stmt" count="0"/>
        <line num="351" type="stmt" count="0"/>
        <line num="353" type="stmt" count="0"/>
        <line num="354" type="stmt" count="0"/>
        <line num="355" type="stmt" count="0"/>
        <line num="357" type="stmt" count="0"/>
        <line num="358" type="stmt" count="0"/>
        <line num="359" type="stmt" count="0"/>
        <line num="360" type="stmt" count="0"/>
        <line num="372" type="method" name="detachAggregate" crap="2" count="0"/>
        <line num="374" type="stmt" count="0"/>
        <line num="382" type="method" name="getEvents" crap="2" count="0"/>
        <line num="384" type="stmt" count="0"/>
        <line num="393" type="method" name="getListeners" crap="6" count="0"/>
        <line num="395" type="stmt" count="0"/>
        <line num="396" type="stmt" count="0"/>
        <line num="398" type="stmt" count="0"/>
        <line num="407" type="method" name="clearListeners" crap="6" count="0"/>
        <line num="409" type="stmt" count="0"/>
        <line num="410" type="stmt" count="0"/>
        <line num="411" type="stmt" count="0"/>
        <line num="412" type="stmt" count="0"/>
        <line num="424" type="method" name="prepareArgs" crap="2" count="0"/>
        <line num="426" type="stmt" count="0"/>
        <line num="440" type="method" name="triggerListeners" crap="72" count="0"/>
        <line num="442" type="stmt" count="0"/>
        <line num="443" type="stmt" count="0"/>
        <line num="447" type="stmt" count="0"/>
        <line num="448" type="stmt" count="0"/>
        <line num="449" type="stmt" count="0"/>
        <line num="450" type="stmt" count="0"/>
        <line num="451" type="stmt" count="0"/>
        <line num="454" type="stmt" count="0"/>
        <line num="457" type="stmt" count="0"/>
        <line num="460" type="stmt" count="0"/>
        <line num="461" type="stmt" count="0"/>
        <line num="463" type="stmt" count="0"/>
        <line num="464" type="stmt" count="0"/>
        <line num="468" type="stmt" count="0"/>
        <line num="471" type="stmt" count="0"/>
        <line num="472" type="stmt" count="0"/>
        <line num="473" type="stmt" count="0"/>
        <line num="478" type="stmt" count="0"/>
        <line num="479" type="stmt" count="0"/>
        <line num="480" type="stmt" count="0"/>
        <line num="482" type="stmt" count="0"/>
        <line num="484" type="stmt" count="0"/>
        <line num="494" type="method" name="getSharedListeners" crap="90" count="0"/>
        <line num="496" type="stmt" count="0"/>
        <line num="497" type="stmt" count="0"/>
        <line num="500" type="stmt" count="0"/>
        <line num="502" type="stmt" count="0"/>
        <line num="503" type="stmt" count="0"/>
        <line num="504" type="stmt" count="0"/>
        <line num="505" type="stmt" count="0"/>
        <line num="507" type="stmt" count="0"/>
        <line num="508" type="stmt" count="0"/>
        <line num="509" type="stmt" count="0"/>
        <line num="512" type="stmt" count="0"/>
        <line num="513" type="stmt" count="0"/>
        <line num="516" type="stmt" count="0"/>
        <line num="517" type="stmt" count="0"/>
        <line num="518" type="stmt" count="0"/>
        <line num="520" type="stmt" count="0"/>
        <line num="521" type="stmt" count="0"/>
        <line num="522" type="stmt" count="0"/>
        <line num="524" type="stmt" count="0"/>
        <line num="536" type="method" name="insertListeners" crap="20" count="0"/>
        <line num="538" type="stmt" count="0"/>
        <line num="539" type="stmt" count="0"/>
        <line num="540" type="stmt" count="0"/>
        <line num="541" type="stmt" count="0"/>
        <line num="542" type="stmt" count="0"/>
        <line num="545" type="stmt" count="0"/>
        <line num="546" type="stmt" count="0"/>
        <line num="547" type="stmt" count="0"/>
        <line num="548" type="stmt" count="0"/>
        <line num="549" type="stmt" count="0"/>
        <metrics loc="550" ncloc="298" classes="1" methods="21" coveredmethods="0" conditionals="0" coveredconditionals="0" statements="170" coveredstatements="0" elements="191" coveredelements="0"/>
      </file>
      <file name="/home/kirihara/Projects/PHP/Zend2/sesiones/demoRedis/src/vendor/zendframework/zendframework/library/Zend/EventManager/ResponseCollection.php">
        <class name="ResponseCollection" namespace="Zend\EventManager">
          <metrics methods="5" coveredmethods="0" conditionals="0" coveredconditionals="0" statements="12" coveredstatements="0" elements="17" coveredelements="0"/>
        </class>
        <line num="26" type="method" name="stopped" crap="2" count="0"/>
        <line num="28" type="stmt" count="0"/>
        <line num="37" type="method" name="setStopped" crap="2" count="0"/>
        <line num="39" type="stmt" count="0"/>
        <line num="40" type="stmt" count="0"/>
        <line num="48" type="method" name="first" crap="2" count="0"/>
        <line num="50" type="stmt" count="0"/>
        <line num="61" type="method" name="last" crap="6" count="0"/>
        <line num="63" type="stmt" count="0"/>
        <line num="64" type="stmt" count="0"/>
        <line num="66" type="stmt" count="0"/>
        <line num="75" type="method" name="contains" crap="12" count="0"/>
        <line num="77" type="stmt" count="0"/>
        <line num="78" type="stmt" count="0"/>
        <line num="79" type="stmt" count="0"/>
        <line num="81" type="stmt" count="0"/>
        <line num="82" type="stmt" count="0"/>
        <metrics loc="84" ncloc="44" classes="1" methods="5" coveredmethods="0" conditionals="0" coveredconditionals="0" statements="12" coveredstatements="0" elements="17" coveredelements="0"/>
      </file>
      <file name="/home/kirihara/Projects/PHP/Zend2/sesiones/demoRedis/src/vendor/zendframework/zendframework/library/Zend/EventManager/SharedEventManager.php">
        <class name="SharedEventManager" namespace="Zend\EventManager">
          <metrics methods="7" coveredmethods="0" conditionals="0" coveredconditionals="0" statements="30" coveredstatements="0" elements="37" coveredelements="0"/>
        </class>
        <line num="62" type="method" name="attach" crap="20" count="0"/>
        <line num="64" type="stmt" count="0"/>
        <line num="65" type="stmt" count="0"/>
        <line num="66" type="stmt" count="0"/>
        <line num="67" type="stmt" count="0"/>
        <line num="68" type="stmt" count="0"/>
        <line num="69" type="stmt" count="0"/>
        <line num="70" type="stmt" count="0"/>
        <line num="71" type="stmt" count="0"/>
        <line num="72" type="stmt" count="0"/>
        <line num="73" type="stmt" count="0"/>
        <line num="75" type="stmt" count="0"/>
[...]
        </class>
        <line num="32" type="method" name="started" crap="2" count="0"/>
        <line num="34" type="stmt" count="0"/>
        <line num="42" type="method" name="getNestedLevel" crap="2" count="0"/>
        <line num="44" type="stmt" count="0"/>
        <line num="52" type="method" name="start" crap="6" count="0"/>
        <line num="54" type="stmt" count="0"/>
        <line num="55" type="stmt" count="0"/>
        <line num="56" type="stmt" count="0"/>
        <line num="58" type="stmt" count="0"/>
        <line num="59" type="stmt" count="0"/>
        <line num="68" type="method" name="stop" crap="30" count="0"/>
        <line num="70" type="stmt" count="0"/>
        <line num="72" type="stmt" count="0"/>
        <line num="73" type="stmt" count="0"/>
        <line num="75" type="stmt" count="0"/>
        <line num="76" type="stmt" count="0"/>
        <line num="77" type="stmt" count="0"/>
        <line num="79" type="stmt" count="0"/>
        <line num="80" type="stmt" count="0"/>
        <line num="82" type="stmt" count="0"/>
        <line num="84" type="stmt" count="0"/>
        <line num="92" type="method" name="clean" crap="6" count="0"/>
        <line num="94" type="stmt" count="0"/>
        <line num="95" type="stmt" count="0"/>
        <line num="96" type="stmt" count="0"/>
        <line num="98" type="stmt" count="0"/>
        <line num="99" type="stmt" count="0"/>
        <line num="110" type="method" name="addError" crap="2" count="0"/>
        <line num="112" type="stmt" count="0"/>
        <line num="113" type="stmt" count="0"/>
        <line num="114" type="stmt" count="0"/>
        <metrics loc="115" ncloc="63" classes="1" methods="6" coveredmethods="0" conditionals="0" coveredconditionals="0" statements="25" coveredstatements="0" elements="31" coveredelements="0"/>
      </file>
      <file name="/home/kirihara/Projects/PHP/Zend2/sesiones/demoRedis/src/vendor/zendframework/zendframework/library/Zend/Stdlib/Glob.php">
        <class name="Glob" namespace="Zend\Stdlib">
          <metrics methods="4" coveredmethods="0" conditionals="0" coveredconditionals="0" statements="87" coveredstatements="0" elements="91" coveredelements="0"/>
        </class>
        <line num="40" type="method" name="glob" crap="12" count="0"/>
        <line num="42" type="stmt" count="0"/>
        <line num="43" type="stmt" count="0"/>
        <line num="46" type="stmt" count="0"/>
        <line num="57" type="method" name="systemGlob" crap="30" count="0"/>
        <line num="59" type="stmt" count="0"/>
        <line num="61" type="stmt" count="0"/>
        <line num="62" type="stmt" count="0"/>
        <line num="63" type="stmt" count="0"/>
        <line num="64" type="stmt" count="0"/>
        <line num="65" type="stmt" count="0"/>
        <line num="66" type="stmt" count="0"/>
        <line num="67" type="stmt" count="0"/>
        <line num="68" type="stmt" count="0"/>
        <line num="70" type="stmt" count="0"/>
        <line num="72" type="stmt" count="0"/>
        <line num="73" type="stmt" count="0"/>
        <line num="74" type="stmt" count="0"/>
        <line num="75" type="stmt" count="0"/>
        <line num="76" type="stmt" count="0"/>
        <line num="77" type="stmt" count="0"/>
        <line num="78" type="stmt" count="0"/>
        <line num="81" type="stmt" count="0"/>
        <line num="82" type="stmt" count="0"/>
        <line num="83" type="stmt" count="0"/>
        <line num="84" type="stmt" count="0"/>
        <line num="85" type="stmt" count="0"/>
        <line num="87" type="stmt" count="0"/>
        <line num="98" type="method" name="fallbackGlob" crap="240" count="0"/>
        <line num="100" type="stmt" count="0"/>
        <line num="101" type="stmt" count="0"/>
        <line num="104" type="stmt" count="0"/>
        <line num="105" type="stmt" count="0"/>
        <line num="106" type="stmt" count="0"/>
        <line num="108" type="stmt" count="0"/>
        <line num="109" type="stmt" count="0"/>
        <line num="110" type="stmt" count="0"/>
        <line num="111" type="stmt" count="0"/>
        <line num="113" type="stmt" count="0"/>
        <line num="114" type="stmt" count="0"/>
        <line num="115" type="stmt" count="0"/>
        <line num="116" type="stmt" count="0"/>
        <line num="117" type="stmt" count="0"/>
        <line num="118" type="stmt" count="0"/>
        <line num="119" type="stmt" count="0"/>
        <line num="120" type="stmt" count="0"/>
        <line num="123" type="stmt" count="0"/>
        <line num="124" type="stmt" count="0"/>
        <line num="127" type="stmt" count="0"/>
        <line num="128" type="stmt" count="0"/>
        <line num="131" type="stmt" count="0"/>
        <line num="133" type="stmt" count="0"/>
        <line num="134" type="stmt" count="0"/>
        <line num="137" type="stmt" count="0"/>
        <line num="139" type="stmt" count="0"/>
        <line num="140" type="stmt" count="0"/>
        <line num="142" type="stmt" count="0"/>
        <line num="143" type="stmt" count="0"/>
        <line num="145" type="stmt" count="0"/>
        <line num="147" type="stmt" count="0"/>
        <line num="149" type="stmt" count="0"/>
        <line num="150" type="stmt" count="0"/>
        <line num="151" type="stmt" count="0"/>
        <line num="152" type="stmt" count="0"/>
        <line num="154" type="stmt" count="0"/>
        <line num="156" type="stmt" count="0"/>
        <line num="157" type="stmt" count="0"/>
        <line num="158" type="stmt" count="0"/>
        <line num="160" type="stmt" count="0"/>
        <line num="161" type="stmt" count="0"/>
        <line num="164" type="stmt" count="0"/>
        <line num="165" type="stmt" count="0"/>
        <line num="166" type="stmt" count="0"/>
        <line num="168" type="stmt" count="0"/>
        <line num="179" type="method" name="nextBraceSub" crap="132" count="0"/>
        <line num="181" type="stmt" count="0"/>
        <line num="182" type="stmt" count="0"/>
        <line num="183" type="stmt" count="0"/>
        <line num="185" type="stmt" count="0"/>
        <line num="186" type="stmt" count="0"/>
        <line num="187" type="stmt" count="0"/>
        <line num="188" type="stmt" count="0"/>
        <line num="191" type="stmt" count="0"/>
        <line num="192" type="stmt" count="0"/>
        <line num="193" type="stmt" count="0"/>
        <line num="194" type="stmt" count="0"/>
        <line num="195" type="stmt" count="0"/>
        <line num="196" type="stmt" count="0"/>
        <line num="197" type="stmt" count="0"/>
        <line num="199" type="stmt" count="0"/>
        <line num="201" type="stmt" count="0"/>
        <metrics loc="203" ncloc="155" classes="1" methods="4" coveredmethods="0" conditionals="0" coveredconditionals="0" statements="87" coveredstatements="0" elements="91" coveredelements="0"/>
      </file>
      <file name="/home/kirihara/Projects/PHP/Zend2/sesiones/demoRedis/src/vendor/zendframework/zendframework/library/Zend/Stdlib/PriorityQueue.php">
        <class name="PriorityQueue" namespace="Zend\Stdlib">
          <metrics methods="16" coveredmethods="0" conditionals="0" coveredconditionals="0" statements="68" coveredstatements="0" elements="84" coveredelements="0"/>
        </class>
        <line num="62" type="method" name="insert" crap="2" count="0"/>
        <line num="64" type="stmt" count="0"/>
        <line num="65" type="stmt" count="0"/>
        <line num="66" type="stmt" count="0"/>
        <line num="67" type="stmt" count="0"/>
        <line num="69" type="stmt" count="0"/>
        <line num="70" type="stmt" count="0"/>
        <line num="89" type="method" name="remove" crap="42" count="0"/>
        <line num="91" type="stmt" count="0"/>
        <line num="92" type="stmt" count="0"/>
        <line num="93" type="stmt" count="0"/>
        <line num="94" type="stmt" count="0"/>
        <line num="95" type="stmt" count="0"/>
        <line num="97" type="stmt" count="0"/>
        <line num="98" type="stmt" count="0"/>
        <line num="99" type="stmt" count="0"/>
        <line num="100" type="stmt" count="0"/>
        <line num="102" type="stmt" count="0"/>
        <line num="103" type="stmt" count="0"/>
        <line num="104" type="stmt" count="0"/>
        <line num="105" type="stmt" count="0"/>
        <line num="106" type="stmt" count="0"/>
        <line num="107" type="stmt" count="0"/>
        <line num="108" type="stmt" count="0"/>
        <line num="110" type="stmt" count="0"/>
        <line num="118" type="method" name="isEmpty" crap="2" count="0"/>
        <line num="120" type="stmt" count="0"/>
        <line num="128" type="method" name="count" crap="2" count="0"/>
        <line num="130" type="stmt" count="0"/>
        <line num="138" type="method" name="top" crap="2" count="0"/>
        <line num="140" type="stmt" count="0"/>
        <line num="148" type="method" name="extract" crap="2" count="0"/>
        <line num="150" type="stmt" count="0"/>
        <line num="165" type="method" name="getIterator" crap="2" count="0"/>
        <line num="167" type="stmt" count="0"/>
        <line num="168" type="stmt" count="0"/>
        <line num="176" type="method" name="serialize" crap="2" count="0"/>
        <line num="178" type="stmt" count="0"/>
        <line num="189" type="method" name="unserialize" crap="6" count="0"/>
        <line num="191" type="stmt" count="0"/>
        <line num="192" type="stmt" count="0"/>
        <line num="193" type="stmt" count="0"/>
        <line num="194" type="stmt" count="0"/>
        <line num="206" type="method" name="toArray" crap="20" count="0"/>
        <line num="209" type="stmt" count="0"/>
        <line num="210" type="stmt" count="0"/>
        <line num="212" type="stmt" count="0"/>
        <line num="214" type="stmt" count="0"/>
        <line num="215" type="stmt" count="0"/>
        <line num="216" type="stmt" count="0"/>
        <line num="217" type="stmt" count="0"/>
        <line num="218" type="method" name="anonymous function" crap="2" count="0"/>
        <line num="219" type="stmt" count="0"/>
        <line num="220" type="stmt" count="0"/>
        <line num="221" type="stmt" count="0"/>
        <line num="233" type="method" name="setInternalQueueClass" crap="2" count="0"/>
        <line num="235" type="stmt" count="0"/>
        <line num="236" type="stmt" count="0"/>
        <line num="245" type="method" name="contains" crap="12" count="0"/>
        <line num="247" type="stmt" count="0"/>
        <line num="248" type="stmt" count="0"/>
        <line num="249" type="stmt" count="0"/>
        <line num="251" type="stmt" count="0"/>
        <line num="252" type="stmt" count="0"/>
        <line num="261" type="method" name="hasPriority" crap="12" count="0"/>
        <line num="263" type="stmt" count="0"/>
        <line num="264" type="stmt" count="0"/>
        <line num="265" type="stmt" count="0"/>
        <line num="267" type="stmt" count="0"/>
        <line num="268" type="stmt" count="0"/>
        <line num="277" type="method" name="getQueue" crap="12" count="0"/>
        <line num="279" type="stmt" count="0"/>
        <line num="280" type="stmt" count="0"/>
        <line num="281" type="stmt" count="0"/>
        <line num="282" type="stmt" count="0"/>
        <line num="283" type="stmt" count="0"/>
        <line num="284" type="stmt" count="0"/>
        <line num="285" type="stmt" count="0"/>
        <line num="287" type="stmt" count="0"/>
        <line num="288" type="stmt" count="0"/>
        <line num="296" type="method" name="__clone" crap="6" count="0"/>
        <line num="298" type="stmt" count="0"/>
        <line num="299" type="stmt" count="0"/>
        <line num="300" type="stmt" count="0"/>
        <line num="301" type="stmt" count="0"/>
        <metrics loc="302" ncloc="158" classes="1" methods="16" coveredmethods="0" conditionals="0" coveredconditionals="0" statements="69" coveredstatements="0" elements="85" coveredelements="0"/>
      </file>
      <file name="/home/kirihara/Projects/PHP/Zend2/sesiones/demoRedis/src/vendor/zendframework/zendframework/library/Zend/Stdlib/SplPriorityQueue.php">
        <class name="SplPriorityQueue" namespace="Zend\Stdlib">
          <metrics methods="4" coveredmethods="0" conditionals="0" coveredconditionals="0" statements="21" coveredstatements="0" elements="25" coveredelements="0"/>
        </class>
        <line num="37" type="method" name="insert" crap="6" count="0"/>
        <line num="39" type="stmt" count="0"/>
        <line num="40" type="stmt" count="0"/>
        <line num="41" type="stmt" count="0"/>
        <line num="42" type="stmt" count="0"/>
        <line num="43" type="stmt" count="0"/>
        <line num="53" type="method" name="toArray" crap="6" count="0"/>
        <line num="55" type="stmt" count="0"/>
        <line num="56" type="stmt" count="0"/>
        <line num="57" type="stmt" count="0"/>
        <line num="58" type="stmt" count="0"/>
        <line num="59" type="stmt" count="0"/>
        <line num="68" type="method" name="serialize" crap="6" count="0"/>
        <line num="70" type="stmt" count="0"/>
        <line num="71" type="stmt" count="0"/>
        <line num="73" type="stmt" count="0"/>
        <line num="74" type="stmt" count="0"/>
        <line num="75" type="stmt" count="0"/>
        <line num="76" type="stmt" count="0"/>
        <line num="78" type="stmt" count="0"/>
        <line num="87" type="method" name="unserialize" crap="6" count="0"/>
        <line num="89" type="stmt" count="0"/>
        <line num="90" type="stmt" count="0"/>
        <line num="91" type="stmt" count="0"/>
        <line num="92" type="stmt" count="0"/>
        <metrics loc="93" ncloc="49" classes="1" methods="4" coveredmethods="0" conditionals="0" coveredconditionals="0" statements="21" coveredstatements="0" elements="25" coveredelements="0"/>
      </file>
    </package>
    <package name="Zend\Stdlib\Hydrator">
      <file name="/home/kirihara/Projects/PHP/Zend2/sesiones/demoRedis/src/vendor/zendframework/zendframework/library/Zend/Stdlib/Hydrator/HydratorPluginManager.php">
        <class name="HydratorPluginManager" namespace="Zend\Stdlib\Hydrator">
          <metrics methods="1" coveredmethods="0" conditionals="0" coveredconditionals="0" statements="6" coveredstatements="0" elements="7" coveredelements="0"/>
        </class>
        <line num="44" type="method" name="validatePlugin" crap="12" count="0"/>
        <line num="46" type="stmt" count="0"/>
        <line num="48" type="stmt" count="0"/>
        <line num="51" type="stmt" count="0"/>
        <line num="52" type="stmt" count="0"/>
        <line num="53" type="stmt" count="0"/>
        <line num="54" type="stmt" count="0"/>
        <metrics loc="56" ncloc="29" classes="1" methods="1" coveredmethods="0" conditionals="0" coveredconditionals="0" statements="6" coveredstatements="0" elements="7" coveredelements="0"/>
      </file>
    </package>
    <package name="Zend\Validator">
      <file name="/home/kirihara/Projects/PHP/Zend2/sesiones/demoRedis/src/vendor/zendframework/zendframework/library/Zend/Validator/ValidatorPluginManager.php">
        <class name="ValidatorPluginManager" namespace="Zend\Validator">
          <metrics methods="4" coveredmethods="0" conditionals="0" coveredconditionals="0" statements="21" coveredstatements="0" elements="25" coveredelements="0"/>
        </class>
        <line num="124" type="method" name="__construct" crap="2" count="0"/>
        <line num="126" type="stmt" count="0"/>
        <line num="127" type="stmt" count="0"/>
        <line num="128" type="stmt" count="0"/>
        <line num="129" type="stmt" count="0"/>
        <line num="137" type="method" name="injectTranslator" crap="20" count="0"/>
        <line num="139" type="stmt" count="0"/>
        <line num="140" type="stmt" count="0"/>
        <line num="141" type="stmt" count="0"/>
        <line num="142" type="stmt" count="0"/>
        <line num="143" type="stmt" count="0"/>
        <line num="144" type="stmt" count="0"/>
        <line num="145" type="stmt" count="0"/>
        <line num="153" type="method" name="injectValidatorPluginManager" crap="6" count="0"/>
        <line num="155" type="stmt" count="0"/>
        <line num="156" type="stmt" count="0"/>
        <line num="157" type="stmt" count="0"/>
        <line num="158" type="stmt" count="0"/>
        <line num="169" type="method" name="validatePlugin" crap="12" count="0"/>
        <line num="171" type="stmt" count="0"/>
        <line num="173" type="stmt" count="0"/>
        <line num="176" type="stmt" count="0"/>
        <line num="177" type="stmt" count="0"/>
        <line num="178" type="stmt" count="0"/>
        <line num="180" type="stmt" count="0"/>
        <metrics loc="182" ncloc="134" classes="1" methods="4" coveredmethods="0" conditionals="0" coveredconditionals="0" statements="21" coveredstatements="0" elements="25" coveredelements="0"/>
      </file>
    </package>
    <package name="Zend\View">
      <file name="/home/kirihara/Projects/PHP/Zend2/sesiones/demoRedis/src/vendor/zendframework/zendframework/library/Zend/View/HelperPluginManager.php">
        <class name="HelperPluginManager" namespace="Zend\View">
          <metrics methods="6" coveredmethods="0" conditionals="0" coveredconditionals="0" statements="33" coveredstatements="0" elements="39" coveredelements="0"/>
        </class>
        <line num="92" type="method" name="__construct" crap="2" count="0"/>
        <line num="94" type="stmt" count="0"/>
        <line num="96" type="stmt" count="0"/>
        <line num="97" type="stmt" count="0"/>
        <line num="98" type="stmt" count="0"/>
        <line num="106" type="method" name="setRenderer" crap="2" count="0"/>
        <line num="108" type="stmt" count="0"/>
        <line num="110" type="stmt" count="0"/>
        <line num="118" type="method" name="getRenderer" crap="2" count="0"/>
        <line num="120" type="stmt" count="0"/>
        <line num="129" type="method" name="injectRenderer" crap="6" count="0"/>
        <line num="131" type="stmt" count="0"/>
        <line num="132" type="stmt" count="0"/>
        <line num="133" type="stmt" count="0"/>
        <line num="135" type="stmt" count="0"/>
        <line num="136" type="stmt" count="0"/>
        <line num="144" type="method" name="injectTranslator" crap="42" count="0"/>
        <line num="146" type="stmt" count="0"/>
        <line num="147" type="stmt" count="0"/>
        <line num="150" type="stmt" count="0"/>
        <line num="152" type="stmt" count="0"/>
        <line num="153" type="stmt" count="0"/>
        <line num="156" type="stmt" count="0"/>
        <line num="157" type="stmt" count="0"/>
        <line num="158" type="stmt" count="0"/>
        <line num="161" type="stmt" count="0"/>
        <line num="162" type="stmt" count="0"/>
        <line num="163" type="stmt" count="0"/>
        <line num="166" type="stmt" count="0"/>
        <line num="167" type="stmt" count="0"/>
        <line num="168" type="stmt" count="0"/>
        <line num="170" type="stmt" count="0"/>
        <line num="181" type="method" name="validatePlugin" crap="12" count="0"/>
        <line num="183" type="stmt" count="0"/>
        <line num="185" type="stmt" count="0"/>
        <line num="188" type="stmt" count="0"/>
        <line num="189" type="stmt" count="0"/>
        <line num="190" type="stmt" count="0"/>
        <line num="192" type="stmt" count="0"/>
        <metrics loc="194" ncloc="115" classes="1" methods="6" coveredmethods="0" conditionals="0" coveredconditionals="0" statements="33" coveredstatements="0" elements="39" coveredelements="0"/>
      </file>
    </package>
    <metrics files="79" loc="13095" ncloc="8086" classes="79" methods="521" coveredmethods="29" conditionals="0" coveredconditionals="0" statements="3599" coveredstatements="352" elements="4120" coveredelements="381"/>
  </project>
</coverage>
